\BOOKMARK [0][-]{chapter.1}{\376\377\000V\000o\000r\000w\000o\000r\000t}{}% 1
\BOOKMARK [1][-]{section.1.1}{\376\377\000F\000\374\000r\000\040\000w\000e\000n\000\040\000i\000s\000t\000\040\000d\000i\000e\000s\000e\000s\000\040\000B\000u\000c\000h\000?}{chapter.1}% 2
\BOOKMARK [1][-]{section.1.2}{\376\377\000A\000u\000f\000b\000a\000u\000\040\000d\000i\000e\000s\000e\000r\000\040\040\036\000S\000c\000h\000n\000u\000p\000p\000e\000r\000s\000t\000u\000n\000d\000e\040\034}{chapter.1}% 3
\BOOKMARK [0][-]{chapter.2}{\376\377\000E\000i\000n\000f\000\374\000h\000r\000u\000n\000g}{}% 4
\BOOKMARK [1][-]{section.2.1}{\376\377\000G\000r\000u\000n\000d\000l\000e\000g\000e\000n\000d\000e\000\040\000B\000e\000z\000e\000i\000c\000h\000n\000u\000n\000g\000e\000n\000\040\000i\000n\000\040\000d\000e\000r\000\040\000M\000a\000t\000h\000e\000m\000a\000t\000i\000k}{chapter.2}% 5
\BOOKMARK [1][-]{section.2.2}{\376\377\000L\000o\000g\000i\000k\000\040\000u\000n\000d\000\040\000B\000e\000w\000e\000i\000s\000e}{chapter.2}% 6
\BOOKMARK [1][-]{section.2.3}{\376\377\000L\000o\000g\000i\000s\000c\000h\000e\000\040\000B\000e\000g\000r\000i\000f\000f\000e\000\040\000i\000n\000\040\000d\000e\000r\000\040\000M\000a\000t\000h\000e\000m\000a\000t\000i\000k}{chapter.2}% 7
\BOOKMARK [1][-]{section.2.4}{\376\377\000M\000e\000n\000g\000e\000n\000t\000h\000e\000o\000r\000e\000t\000i\000s\000c\000h\000e\000\040\000B\000e\000g\000r\000i\000f\000f\000e\000\040\000u\000n\000d\000\040\000S\000y\000m\000b\000o\000l\000e}{chapter.2}% 8
\BOOKMARK [1][-]{section.2.5}{\376\377\000W\000e\000i\000t\000e\000r\000e\000\040\000a\000r\000i\000t\000h\000m\000e\000t\000i\000s\000c\000h\000e\000\040\000S\000y\000m\000b\000o\000l\000e\000\040\000\050\000*\000\051}{chapter.2}% 9
\BOOKMARK [0][-]{chapter.3}{\376\377\000Z\000a\000h\000l\000e\000n}{}% 10
\BOOKMARK [1][-]{section.3.1}{\376\377\000W\000a\000s\000\040\000s\000i\000n\000d\000\040\000e\000i\000g\000e\000n\000t\000l\000i\000c\000h\000\040\000Z\000a\000h\000l\000e\000n\000?}{chapter.3}% 11
\BOOKMARK [1][-]{section.3.2}{\376\377\000T\000e\000i\000l\000b\000a\000r\000k\000e\000i\000t\000\040\000u\000n\000d\000\040\000P\000r\000i\000m\000z\000a\000h\000l\000e\000n}{chapter.3}% 12
\BOOKMARK [1][-]{section.3.3}{\376\377\000D\000i\000e\000\040\000b\000i\000n\000o\000m\000i\000s\000c\000h\000e\000n\000\040\000F\000o\000r\000m\000e\000l\000n}{chapter.3}% 13
\BOOKMARK [1][-]{section.3.4}{\376\377\000U\000n\000e\000n\000d\000l\000i\000c\000h\000k\000e\000i\000t\000e\000n\000\040\000\050\000*\000\051}{chapter.3}% 14
\BOOKMARK [1][-]{section.3.5}{\376\377\000G\000r\000e\000n\000z\000w\000e\000r\000t\000e\000\040\000\050\000*\000\051}{chapter.3}% 15
\BOOKMARK [0][-]{chapter.4}{\376\377\000F\000u\000n\000k\000t\000i\000o\000n\000e\000n}{}% 16
\BOOKMARK [1][-]{section.4.1}{\376\377\000G\000r\000u\000n\000d\000b\000e\000g\000r\000i\000f\000f\000e}{chapter.4}% 17
\BOOKMARK [1][-]{section.4.2}{\376\377\000G\000e\000r\000a\000d\000e\000n\000\040\000\050\000L\000i\000n\000e\000a\000r\000e\000\040\000F\000u\000n\000k\000t\000i\000o\000n\000e\000n\000\051}{chapter.4}% 18
\BOOKMARK [1][-]{section.4.3}{\376\377\000G\000a\000n\000z\000r\000a\000t\000i\000o\000n\000a\000l\000e\000\040\000F\000u\000n\000k\000t\000i\000o\000n\000e\000n\000\040\000\050\000P\000o\000l\000y\000n\000o\000m\000e\000\051}{chapter.4}% 19
\BOOKMARK [1][-]{section.4.4}{\376\377\000G\000e\000b\000r\000o\000c\000h\000e\000n\000r\000a\000t\000i\000o\000n\000a\000l\000e\000\040\000F\000u\000n\000k\000t\000i\000o\000n\000e\000n}{chapter.4}% 20
\BOOKMARK [1][-]{section.4.5}{\376\377\000E\000x\000p\000o\000n\000e\000n\000t\000i\000a\000l\000f\000u\000n\000k\000t\000i\000o\000n\000e\000n\000\040\000u\000n\000d\000\040\000L\000o\000g\000a\000r\000i\000t\000h\000m\000e\000n}{chapter.4}% 21
\BOOKMARK [1][-]{section.4.6}{\376\377\000T\000r\000i\000g\000o\000n\000o\000m\000e\000t\000r\000i\000s\000c\000h\000e\000\040\000F\000u\000n\000k\000t\000i\000o\000n\000e\000n}{chapter.4}% 22
\BOOKMARK [1][-]{section.4.7}{\376\377\000F\000u\000n\000k\000t\000i\000o\000n\000s\000s\000c\000h\000a\000r\000e\000n}{chapter.4}% 23
\BOOKMARK [0][-]{chapter.5}{\376\377\000L\000i\000n\000e\000a\000r\000e\000\040\000G\000l\000e\000i\000c\000h\000u\000n\000g\000s\000s\000y\000s\000t\000e\000m\000e}{}% 24
\BOOKMARK [1][-]{section.5.1}{\376\377\000W\000a\000s\000\040\000m\000a\000c\000h\000t\000\040\000e\000i\000n\000\040\000G\000l\000e\000i\000c\000h\000u\000n\000g\000s\000s\000y\000s\000t\000e\000m\000\040\000l\000i\000n\000e\000a\000r\000?}{chapter.5}% 25
\BOOKMARK [1][-]{section.5.2}{\376\377\000W\000a\000r\000u\000m\000\040\000s\000i\000n\000d\000\040\000L\000G\000S\000\040\000e\000i\000g\000e\000n\000t\000l\000i\000c\000h\000\040\000s\000o\000\040\000w\000i\000c\000h\000t\000i\000g\000?}{chapter.5}% 26
\BOOKMARK [1][-]{section.5.3}{\376\377\000D\000a\000s\000\040\000G\000a\000u\000\337\000-\000V\000e\000r\000f\000a\000h\000r\000e\000n}{chapter.5}% 27
\BOOKMARK [1][-]{section.5.4}{\376\377\000B\000e\000s\000t\000i\000m\000m\000e\000n\000\040\000v\000o\000n\000\040\000a\000l\000l\000g\000e\000m\000e\000i\000n\000e\000n\000\040\000F\000u\000n\000k\000t\000i\000o\000n\000s\000g\000l\000e\000i\000c\000h\000u\000n\000g\000e\000n}{chapter.5}% 28
\BOOKMARK [0][-]{chapter.6}{\376\377\000D\000i\000f\000f\000e\000r\000e\000n\000t\000i\000a\000l\000r\000e\000c\000h\000n\000u\000n\000g}{}% 29
\BOOKMARK [1][-]{section.6.1}{\376\377\000A\000b\000l\000e\000i\000t\000u\000n\000g\000e\000n}{chapter.6}% 30
\BOOKMARK [1][-]{section.6.2}{\376\377\000T\000a\000n\000g\000e\000n\000t\000e\000\040\000u\000n\000d\000\040\000N\000o\000r\000m\000a\000l\000e}{chapter.6}% 31
\BOOKMARK [1][-]{section.6.3}{\376\377\000A\000b\000l\000e\000i\000t\000u\000n\000g\000s\000r\000e\000g\000e\000l\000n}{chapter.6}% 32
\BOOKMARK [1][-]{section.6.4}{\376\377\000e\000-\000F\000u\000n\000k\000t\000i\000o\000n}{chapter.6}% 33
\BOOKMARK [1][-]{section.6.5}{\376\377\000E\000x\000p\000o\000n\000e\000n\000t\000i\000e\000l\000l\000e\000s\000\040\000W\000a\000c\000h\000s\000t\000u\000m\000\040\000b\000e\000s\000c\000h\000r\000e\000i\000b\000e\000n}{chapter.6}% 34
\BOOKMARK [0][-]{chapter.7}{\376\377\000L\000\366\000s\000e\000n\000\040\000v\000o\000n\000\040\000G\000l\000e\000i\000c\000h\000u\000n\000g\000e\000n}{}% 35
\BOOKMARK [1][-]{section.7.1}{\376\377\000N\000u\000l\000l\000s\000t\000e\000l\000l\000e\000n\000\040\000b\000e\000s\000t\000i\000m\000m\000e\000n}{chapter.7}% 36
\BOOKMARK [1][-]{section.7.2}{\376\377\000N\000\344\000h\000e\000r\000u\000n\000g\000s\000w\000e\000i\000s\000e\000\040\000L\000\366\000s\000u\000n\000g\000e\000n\000\040\000f\000i\000n\000d\000e\000n\000\040\000\050\000N\000e\000w\000t\000o\000n\000-\000V\000e\000r\000f\000a\000h\000r\000e\000n\000\051}{chapter.7}% 37
\BOOKMARK [0][-]{chapter.8}{\376\377\000I\000n\000t\000e\000g\000r\000a\000t\000i\000o\000n}{}% 38
\BOOKMARK [1][-]{section.8.1}{\376\377\000D\000a\000s\000\040\000R\000i\000e\000m\000a\000n\000n\000-\000I\000n\000t\000e\000g\000r\000a\000l}{chapter.8}% 39
\BOOKMARK [1][-]{section.8.2}{\376\377\000S\000t\000a\000m\000m\000f\000u\000n\000k\000t\000i\000o\000n\000e\000n}{chapter.8}% 40
\BOOKMARK [1][-]{section.8.3}{\376\377\000I\000n\000t\000e\000g\000r\000a\000t\000i\000o\000n\000s\000r\000e\000g\000e\000l\000n}{chapter.8}% 41
\BOOKMARK [1][-]{section.8.4}{\376\377\000I\000n\000t\000e\000g\000r\000a\000l\000f\000u\000n\000k\000t\000i\000o\000n\000e\000n}{chapter.8}% 42
\BOOKMARK [1][-]{section.8.5}{\376\377\000A\000n\000w\000e\000n\000d\000u\000n\000g\000e\000n\000\040\000d\000e\000s\000\040\000I\000n\000t\000e\000g\000r\000a\000l\000s}{chapter.8}% 43
\BOOKMARK [1][-]{section.8.6}{\376\377\000U\000n\000e\000i\000g\000e\000n\000t\000l\000i\000c\000h\000e\000\040\000I\000n\000t\000e\000g\000r\000a\000l\000e}{chapter.8}% 44
\BOOKMARK [1][-]{section.8.7}{\376\377\000R\000o\000t\000a\000t\000i\000o\000n\000s\000k\000\366\000r\000p\000e\000r}{chapter.8}% 45
\BOOKMARK [0][-]{chapter.9}{\376\377\000K\000u\000r\000v\000e\000n\000d\000i\000s\000k\000u\000s\000s\000i\000o\000n}{}% 46
\BOOKMARK [1][-]{section.9.1}{\376\377\000M\000o\000n\000o\000t\000o\000n\000i\000e}{chapter.9}% 47
\BOOKMARK [1][-]{section.9.2}{\376\377\000K\000r\000\374\000m\000m\000u\000n\000g}{chapter.9}% 48
\BOOKMARK [1][-]{section.9.3}{\376\377\000E\000x\000t\000r\000e\000m\000p\000u\000n\000k\000t\000e\000,\000\040\000S\000a\000t\000t\000e\000l\000p\000u\000n\000k\000t\000e\000\040\000u\000n\000d\000\040\000W\000e\000n\000d\000e\000s\000t\000e\000l\000l\000e\000n}{chapter.9}% 49
\BOOKMARK [1][-]{section.9.4}{\376\377\000A\000s\000y\000m\000p\000t\000o\000t\000e\000n}{chapter.9}% 50
\BOOKMARK [1][-]{section.9.5}{\376\377\000S\000y\000m\000m\000e\000t\000r\000i\000e}{chapter.9}% 51
\BOOKMARK [1][-]{section.9.6}{\376\377\000U\000n\000t\000e\000r\000s\000u\000c\000h\000e\000n\000\040\000v\000o\000n\000\040\000g\000e\000b\000r\000o\000c\000h\000e\000n\000r\000a\000t\000i\000o\000n\000a\000l\000e\000n\000\040\000F\000u\000n\000k\000t\000i\000o\000n\000e\000n}{chapter.9}% 52
\BOOKMARK [1][-]{section.9.7}{\376\377\000M\000a\000n\000i\000p\000u\000l\000i\000e\000r\000e\000n\000\040\000v\000o\000n\000\040\000G\000r\000a\000p\000h\000e\000n}{chapter.9}% 53
\BOOKMARK [1][-]{section.9.8}{\376\377\000E\000x\000t\000r\000e\000m\000w\000e\000r\000t\000p\000r\000o\000b\000l\000e\000m\000e}{chapter.9}% 54
\BOOKMARK [0][-]{chapter.10}{\376\377\000G\000e\000o\000m\000e\000t\000r\000i\000e\000\040\000i\000n\000\040\0002\000D}{}% 55
\BOOKMARK [1][-]{section.10.1}{\376\377\000K\000o\000n\000g\000r\000u\000e\000n\000z\000e\000n\000\040\000u\000n\000d\000\040\000\304\000h\000n\000l\000i\000c\000h\000k\000e\000i\000t}{chapter.10}% 56
\BOOKMARK [1][-]{section.10.2}{\376\377\000S\000t\000r\000a\000h\000l\000e\000n\000s\000\344\000t\000z\000e}{chapter.10}% 57
\BOOKMARK [1][-]{section.10.3}{\376\377\000D\000r\000e\000i\000e\000c\000k\000e}{chapter.10}% 58
\BOOKMARK [1][-]{section.10.4}{\376\377\000K\000r\000e\000i\000s\000e}{chapter.10}% 59
\BOOKMARK [0][-]{chapter.11}{\376\377\000R\000\344\000u\000m\000l\000i\000c\000h\000e\000\040\000G\000e\000o\000m\000e\000t\000r\000i\000e}{}% 60
\BOOKMARK [1][-]{section.11.1}{\376\377\000G\000r\000u\000n\000d\000b\000e\000g\000r\000i\000f\000f\000e}{chapter.11}% 61
\BOOKMARK [1][-]{section.11.2}{\376\377\000G\000e\000r\000a\000d\000e\000n\000\040\000i\000m\000\040\000R\000a\000u\000m}{chapter.11}% 62
\BOOKMARK [1][-]{section.11.3}{\376\377\000E\000b\000e\000n\000e\000n\000\040\000i\000m\000\040\000R\000a\000u\000m}{chapter.11}% 63
\BOOKMARK [1][-]{section.11.4}{\376\377\000A\000b\000s\000t\000\344\000n\000d\000e}{chapter.11}% 64
\BOOKMARK [1][-]{section.11.5}{\376\377\000G\000e\000o\000m\000e\000t\000r\000i\000s\000c\000h\000e\000\040\000F\000i\000g\000u\000r\000e\000n}{chapter.11}% 65
\BOOKMARK [1][-]{section.11.6}{\376\377\000P\000r\000o\000j\000e\000k\000t\000i\000o\000n\000e\000n}{chapter.11}% 66
\BOOKMARK [1][-]{section.11.7}{\376\377\000S\000p\000i\000e\000g\000e\000l\000u\000n\000g\000e\000n}{chapter.11}% 67
\BOOKMARK [1][-]{section.11.8}{\376\377\000S\000c\000h\000n\000i\000t\000t\000w\000i\000n\000k\000e\000l}{chapter.11}% 68
\BOOKMARK [0][-]{chapter.12}{\376\377\000K\000o\000m\000b\000i\000n\000a\000t\000o\000r\000i\000k}{}% 69
\BOOKMARK [1][-]{section.12.1}{\376\377\000P\000e\000r\000m\000u\000t\000a\000t\000i\000o\000n\000e\000n}{chapter.12}% 70
\BOOKMARK [1][-]{section.12.2}{\376\377\000D\000e\000r\000\040\000B\000i\000n\000o\000m\000i\000a\000l\000-\000K\000o\000e\000f\000f\000i\000z\000i\000e\000n\000t}{chapter.12}% 71
\BOOKMARK [1][-]{section.12.3}{\376\377\000M\000e\000h\000r\000s\000t\000u\000f\000i\000g\000e\000s\000\040\000A\000u\000s\000w\000\344\000h\000l\000e\000n}{chapter.12}% 72
\BOOKMARK [0][-]{chapter.13}{\376\377\000S\000t\000o\000c\000h\000a\000s\000t\000i\000k}{}% 73
\BOOKMARK [1][-]{section.13.1}{\376\377\000W\000a\000s\000\040\000s\000i\000n\000d\000\040\000e\000i\000g\000e\000n\000t\000l\000i\000c\000h\000\040\000W\000a\000h\000r\000s\000c\000h\000e\000i\000n\000l\000i\000c\000h\000k\000e\000i\000t\000e\000n\000?}{chapter.13}% 74
\BOOKMARK [1][-]{section.13.2}{\376\377\000R\000e\000c\000h\000e\000n\000r\000e\000g\000e\000l\000n\000\040\000f\000\374\000r\000\040\000W\000a\000h\000r\000s\000c\000h\000e\000i\000n\000l\000i\000c\000h\000k\000e\000i\000t\000e\000n}{chapter.13}% 75
\BOOKMARK [1][-]{section.13.3}{\376\377\000Z\000u\000f\000a\000l\000l\000s\000v\000a\000r\000i\000a\000b\000l\000e\000n}{chapter.13}% 76
\BOOKMARK [1][-]{section.13.4}{\376\377\000V\000e\000r\000t\000e\000i\000l\000u\000n\000g\000e\000n\000\040\000v\000o\000n\000\040\000Z\000u\000f\000a\000l\000l\000s\000v\000a\000r\000i\000a\000b\000l\000e\000n}{chapter.13}% 77
\BOOKMARK [1][-]{section.13.5}{\376\377\000E\000r\000w\000a\000r\000t\000u\000n\000g\000s\000w\000e\000r\000t\000\040\000u\000n\000d\000\040\000S\000t\000a\000n\000d\000a\000r\000d\000a\000b\000w\000e\000i\000c\000h\000u\000n\000g}{chapter.13}% 78
\BOOKMARK [1][-]{section.13.6}{\376\377\000T\000y\000p\000i\000s\000c\000h\000e\000\040\000Z\000u\000f\000a\000l\000l\000s\000e\000x\000p\000e\000r\000i\000m\000e\000n\000t\000e}{chapter.13}% 79
\BOOKMARK [1][-]{section.13.7}{\376\377\000S\000t\000o\000c\000h\000a\000s\000t\000i\000s\000c\000h\000e\000\040\000U\000n\000a\000b\000h\000\344\000n\000g\000i\000g\000k\000e\000i\000t\000\040\000v\000o\000n\000\040\000E\000r\000e\000i\000g\000n\000i\000s\000s\000e\000n}{chapter.13}% 80
\BOOKMARK [1][-]{section.13.8}{\376\377\000H\000y\000p\000o\000t\000h\000e\000s\000e\000n\000t\000e\000s\000t\000s}{chapter.13}% 81
\BOOKMARK [0][-]{appendix.A}{\376\377\000E\000x\000k\000u\000r\000s\000e}{}% 82
\BOOKMARK [0][-]{appendix.B}{\376\377\000W\000a\000h\000r\000s\000c\000h\000e\000i\000n\000l\000i\000c\000h\000k\000e\000i\000t\000s\000t\000h\000e\000o\000r\000i\000e}{}% 83
\BOOKMARK [0][-]{appendix.C}{\376\377\000M\000e\000n\000g\000e\000n\000l\000e\000h\000r\000e\000\040\000u\000n\000d\000\040\000L\000o\000g\000i\000k}{}% 84
\BOOKMARK [0][-]{appendix.D}{\376\377\000A\000n\000a\000l\000y\000s\000i\000s}{}% 85
